<?xml version="1.0" encoding="UTF-8"?>
<testsuite name="com.example.deliverynest.ExampleUnitTest" tests="1" skipped="0" failures="0" errors="0" timestamp="2023-01-29T13:12:25" hostname="TEJAS-KULKARNI" time="0.009">
  <properties/>
  <testcase name="addition_isCorrect" classname="com.example.deliverynest.ExampleUnitTest" time="0.009"/>
  <system-out><![CDATA[]]></system-out>
  <system-err><![CDATA[]]></system-err>
</testsuite>
